<?xml version="1.0" encoding="UTF-8"?>
<testsuite xmlns:xsi="http://www.w3.org/2001/XMLSchema-instance" xsi:noNamespaceSchemaLocation="https://maven.apache.org/surefire/maven-surefire-plugin/xsd/surefire-test-report-3.0.xsd" version="3.0" name="org.lexusmanson.lexbudget.dao.test.AccountsDAOImplTest" time="0.246" tests="3" errors="0" skipped="0" failures="0">
  <properties>
    <property name="sun.desktop" value="gnome"/>
    <property name="awt.toolkit" value="sun.awt.X11.XToolkit"/>
    <property name="file.encoding.pkg" value="sun.io"/>
    <property name="java.specification.version" value="1.8"/>
    <property name="sun.cpu.isalist" value=""/>
    <property name="sun.jnu.encoding" value="UTF-8"/>
    <property name="java.class.path" value="/home/lex-man/eclipse-workspace/LexBudget/target/test-classes:/home/lex-man/eclipse-workspace/LexBudget/target/classes:/home/lex-man/.m2/repository/org/springframework/spring-webmvc/5.1.8.RELEASE/spring-webmvc-5.1.8.RELEASE.jar:/home/lex-man/.m2/repository/org/springframework/spring-beans/5.1.8.RELEASE/spring-beans-5.1.8.RELEASE.jar:/home/lex-man/.m2/repository/org/springframework/spring-expression/5.1.8.RELEASE/spring-expression-5.1.8.RELEASE.jar:/home/lex-man/.m2/repository/org/springframework/spring-web/5.1.8.RELEASE/spring-web-5.1.8.RELEASE.jar:/home/lex-man/.m2/repository/org/springframework/spring-orm/5.1.8.RELEASE/spring-orm-5.1.8.RELEASE.jar:/home/lex-man/.m2/repository/org/springframework/spring-tx/5.1.8.RELEASE/spring-tx-5.1.8.RELEASE.jar:/home/lex-man/.m2/repository/org/springframework/security/spring-security-config/5.1.5.RELEASE/spring-security-config-5.1.5.RELEASE.jar:/home/lex-man/.m2/repository/org/springframework/security/spring-security-core/5.1.5.RELEASE/spring-security-core-5.1.5.RELEASE.jar:/home/lex-man/.m2/repository/org/springframework/security/spring-security-taglibs/5.1.5.RELEASE/spring-security-taglibs-5.1.5.RELEASE.jar:/home/lex-man/.m2/repository/org/springframework/security/spring-security-acl/5.1.5.RELEASE/spring-security-acl-5.1.5.RELEASE.jar:/home/lex-man/.m2/repository/org/springframework/security/spring-security-web/5.1.5.RELEASE/spring-security-web-5.1.5.RELEASE.jar:/home/lex-man/.m2/repository/org/hibernate/hibernate-core/5.4.3.Final/hibernate-core-5.4.3.Final.jar:/home/lex-man/.m2/repository/org/jboss/logging/jboss-logging/3.3.2.Final/jboss-logging-3.3.2.Final.jar:/home/lex-man/.m2/repository/javax/persistence/javax.persistence-api/2.2/javax.persistence-api-2.2.jar:/home/lex-man/.m2/repository/org/javassist/javassist/3.24.0-GA/javassist-3.24.0-GA.jar:/home/lex-man/.m2/repository/net/bytebuddy/byte-buddy/1.9.10/byte-buddy-1.9.10.jar:/home/lex-man/.m2/repository/antlr/antlr/2.7.7/antlr-2.7.7.jar:/home/lex-man/.m2/repository/org/jboss/spec/javax/transaction/jboss-transaction-api_1.2_spec/1.1.1.Final/jboss-transaction-api_1.2_spec-1.1.1.Final.jar:/home/lex-man/.m2/repository/org/jboss/jandex/2.0.5.Final/jandex-2.0.5.Final.jar:/home/lex-man/.m2/repository/com/fasterxml/classmate/1.3.4/classmate-1.3.4.jar:/home/lex-man/.m2/repository/javax/activation/javax.activation-api/1.2.0/javax.activation-api-1.2.0.jar:/home/lex-man/.m2/repository/org/dom4j/dom4j/2.1.1/dom4j-2.1.1.jar:/home/lex-man/.m2/repository/org/hibernate/common/hibernate-commons-annotations/5.1.0.Final/hibernate-commons-annotations-5.1.0.Final.jar:/home/lex-man/.m2/repository/javax/xml/bind/jaxb-api/2.3.1/jaxb-api-2.3.1.jar:/home/lex-man/.m2/repository/org/glassfish/jaxb/jaxb-runtime/2.3.1/jaxb-runtime-2.3.1.jar:/home/lex-man/.m2/repository/org/glassfish/jaxb/txw2/2.3.1/txw2-2.3.1.jar:/home/lex-man/.m2/repository/com/sun/istack/istack-commons-runtime/3.0.7/istack-commons-runtime-3.0.7.jar:/home/lex-man/.m2/repository/org/jvnet/staxex/stax-ex/1.8/stax-ex-1.8.jar:/home/lex-man/.m2/repository/com/sun/xml/fastinfoset/FastInfoset/1.2.15/FastInfoset-1.2.15.jar:/home/lex-man/.m2/repository/com/fasterxml/jackson/core/jackson-databind/2.9.9/jackson-databind-2.9.9.jar:/home/lex-man/.m2/repository/com/fasterxml/jackson/core/jackson-annotations/2.9.0/jackson-annotations-2.9.0.jar:/home/lex-man/.m2/repository/com/fasterxml/jackson/core/jackson-core/2.9.9/jackson-core-2.9.9.jar:/home/lex-man/.m2/repository/com/fasterxml/jackson/datatype/jackson-datatype-jsr310/2.9.9/jackson-datatype-jsr310-2.9.9.jar:/home/lex-man/.m2/repository/org/hibernate/hibernate-c3p0/5.4.3.Final/hibernate-c3p0-5.4.3.Final.jar:/home/lex-man/.m2/repository/com/mchange/c3p0/0.9.5.4/c3p0-0.9.5.4.jar:/home/lex-man/.m2/repository/com/mchange/mchange-commons-java/0.2.15/mchange-commons-java-0.2.15.jar:/home/lex-man/.m2/repository/org/hibernate/validator/hibernate-validator/6.0.16.Final/hibernate-validator-6.0.16.Final.jar:/home/lex-man/.m2/repository/javax/servlet/jsp/jstl/javax.servlet.jsp.jstl-api/1.2.2/javax.servlet.jsp.jstl-api-1.2.2.jar:/home/lex-man/.m2/repository/taglibs/standard/1.1.2/standard-1.1.2.jar:/home/lex-man/.m2/repository/javax/servlet/javax.servlet-api/4.0.1/javax.servlet-api-4.0.1.jar:/home/lex-man/.m2/repository/javax/servlet/jsp/javax.servlet.jsp-api/2.3.3/javax.servlet.jsp-api-2.3.3.jar:/home/lex-man/.m2/repository/hsqldb/hsqldb/1.8.0.10/hsqldb-1.8.0.10.jar:/home/lex-man/.m2/repository/org/mariadb/jdbc/mariadb-java-client/2.4.2/mariadb-java-client-2.4.2.jar:/home/lex-man/.m2/repository/org/apache/tiles/tiles-extras/3.0.8/tiles-extras-3.0.8.jar:/home/lex-man/.m2/repository/org/apache/tiles/tiles-core/3.0.8/tiles-core-3.0.8.jar:/home/lex-man/.m2/repository/org/apache/tiles/tiles-api/3.0.8/tiles-api-3.0.8.jar:/home/lex-man/.m2/repository/commons-digester/commons-digester/2.0/commons-digester-2.0.jar:/home/lex-man/.m2/repository/commons-beanutils/commons-beanutils/1.8.0/commons-beanutils-1.8.0.jar:/home/lex-man/.m2/repository/org/slf4j/jcl-over-slf4j/1.7.6/jcl-over-slf4j-1.7.6.jar:/home/lex-man/.m2/repository/org/apache/tiles/tiles-request-servlet-wildcard/1.0.7/tiles-request-servlet-wildcard-1.0.7.jar:/home/lex-man/.m2/repository/org/apache/tiles/tiles-request-servlet/1.0.7/tiles-request-servlet-1.0.7.jar:/home/lex-man/.m2/repository/org/apache/tiles/tiles-request-mustache/1.0.7/tiles-request-mustache-1.0.7.jar:/home/lex-man/.m2/repository/org/apache/tiles/tiles-request-api/1.0.7/tiles-request-api-1.0.7.jar:/home/lex-man/.m2/repository/com/github/spullara/mustache/java/compiler/0.8.4/compiler-0.8.4.jar:/home/lex-man/.m2/repository/org/apache/tiles/tiles-jsp/3.0.8/tiles-jsp-3.0.8.jar:/home/lex-man/.m2/repository/org/apache/tiles/tiles-servlet/3.0.8/tiles-servlet-3.0.8.jar:/home/lex-man/.m2/repository/org/apache/tiles/tiles-template/3.0.8/tiles-template-3.0.8.jar:/home/lex-man/.m2/repository/org/apache/tiles/tiles-autotag-core-runtime/1.2/tiles-autotag-core-runtime-1.2.jar:/home/lex-man/.m2/repository/org/apache/tiles/tiles-request-jsp/1.0.7/tiles-request-jsp-1.0.7.jar:/home/lex-man/.m2/repository/org/apache/tiles/tiles-freemarker/3.0.8/tiles-freemarker-3.0.8.jar:/home/lex-man/.m2/repository/org/apache/tiles/tiles-request-freemarker/1.0.7/tiles-request-freemarker-1.0.7.jar:/home/lex-man/.m2/repository/org/freemarker/freemarker/2.3.15/freemarker-2.3.15.jar:/home/lex-man/.m2/repository/org/apache/tiles/tiles-velocity/3.0.8/tiles-velocity-3.0.8.jar:/home/lex-man/.m2/repository/org/apache/velocity/velocity-tools/2.0/velocity-tools-2.0.jar:/home/lex-man/.m2/repository/commons-collections/commons-collections/3.2/commons-collections-3.2.jar:/home/lex-man/.m2/repository/oro/oro/2.0.8/oro-2.0.8.jar:/home/lex-man/.m2/repository/org/apache/velocity/velocity/1.6.2/velocity-1.6.2.jar:/home/lex-man/.m2/repository/commons-lang/commons-lang/2.4/commons-lang-2.4.jar:/home/lex-man/.m2/repository/org/apache/tiles/tiles-request-velocity/1.0.7/tiles-request-velocity-1.0.7.jar:/home/lex-man/.m2/repository/org/apache/tiles/tiles-el/3.0.8/tiles-el-3.0.8.jar:/home/lex-man/.m2/repository/org/apache/tiles/tiles-mvel/3.0.8/tiles-mvel-3.0.8.jar:/home/lex-man/.m2/repository/org/mvel/mvel2/2.0.11/mvel2-2.0.11.jar:/home/lex-man/.m2/repository/org/apache/tiles/tiles-ognl/3.0.8/tiles-ognl-3.0.8.jar:/home/lex-man/.m2/repository/ognl/ognl/2.7.3/ognl-2.7.3.jar:/home/lex-man/.m2/repository/jboss/javassist/3.7.ga/javassist-3.7.ga.jar:/home/lex-man/.m2/repository/org/apache/tiles/tiles-compat/3.0.8/tiles-compat-3.0.8.jar:/home/lex-man/.m2/repository/com/google/guava/guava/12.0.1/guava-12.0.1.jar:/home/lex-man/.m2/repository/com/google/code/findbugs/jsr305/1.3.9/jsr305-1.3.9.jar:/home/lex-man/.m2/repository/org/springframework/spring-aop/5.1.8.RELEASE/spring-aop-5.1.8.RELEASE.jar:/home/lex-man/.m2/repository/org/springframework/spring-core/5.1.8.RELEASE/spring-core-5.1.8.RELEASE.jar:/home/lex-man/.m2/repository/org/springframework/spring-jcl/5.1.8.RELEASE/spring-jcl-5.1.8.RELEASE.jar:/home/lex-man/.m2/repository/org/springframework/spring-context/5.1.8.RELEASE/spring-context-5.1.8.RELEASE.jar:/home/lex-man/.m2/repository/org/aspectj/aspectjrt/1.9.4/aspectjrt-1.9.4.jar:/home/lex-man/.m2/repository/org/aspectj/aspectjweaver/1.9.4/aspectjweaver-1.9.4.jar:/home/lex-man/.m2/repository/javax/validation/validation-api/2.0.1.Final/validation-api-2.0.1.Final.jar:/home/lex-man/.m2/repository/javax/inject/javax.inject/1/javax.inject-1.jar:/home/lex-man/.m2/repository/javax/servlet/jstl/1.2/jstl-1.2.jar:/home/lex-man/.m2/repository/org/springframework/spring-jdbc/5.1.8.RELEASE/spring-jdbc-5.1.8.RELEASE.jar:/home/lex-man/.m2/repository/org/slf4j/slf4j-api/1.7.26/slf4j-api-1.7.26.jar:/home/lex-man/.m2/repository/org/modelmapper/modelmapper/2.3.5/modelmapper-2.3.5.jar:/home/lex-man/.m2/repository/org/junit/jupiter/junit-jupiter-engine/5.5.1/junit-jupiter-engine-5.5.1.jar:/home/lex-man/.m2/repository/org/apiguardian/apiguardian-api/1.1.0/apiguardian-api-1.1.0.jar:/home/lex-man/.m2/repository/org/junit/platform/junit-platform-engine/1.5.1/junit-platform-engine-1.5.1.jar:/home/lex-man/.m2/repository/org/junit/jupiter/junit-jupiter-api/5.5.1/junit-jupiter-api-5.5.1.jar:/home/lex-man/.m2/repository/org/opentest4j/opentest4j/1.2.0/opentest4j-1.2.0.jar:/home/lex-man/.m2/repository/org/junit/platform/junit-platform-commons/1.5.1/junit-platform-commons-1.5.1.jar:/home/lex-man/.m2/repository/org/junit/platform/junit-platform-runner/1.5.1/junit-platform-runner-1.5.1.jar:/home/lex-man/.m2/repository/junit/junit/4.12/junit-4.12.jar:/home/lex-man/.m2/repository/org/hamcrest/hamcrest-core/1.3/hamcrest-core-1.3.jar:/home/lex-man/.m2/repository/org/junit/platform/junit-platform-launcher/1.5.1/junit-platform-launcher-1.5.1.jar:/home/lex-man/.m2/repository/org/junit/platform/junit-platform-suite-api/1.5.1/junit-platform-suite-api-1.5.1.jar:/home/lex-man/.m2/repository/org/mockito/mockito-junit-jupiter/3.0.0/mockito-junit-jupiter-3.0.0.jar:/home/lex-man/.m2/repository/org/mockito/mockito-core/3.0.0/mockito-core-3.0.0.jar:/home/lex-man/.m2/repository/net/bytebuddy/byte-buddy-agent/1.9.10/byte-buddy-agent-1.9.10.jar:/home/lex-man/.m2/repository/org/objenesis/objenesis/2.6/objenesis-2.6.jar:"/>
    <property name="java.vm.vendor" value="Private Build"/>
    <property name="sun.arch.data.model" value="64"/>
    <property name="java.vendor.url" value="http://java.oracle.com/"/>
    <property name="user.timezone" value=""/>
    <property name="java.vm.specification.version" value="1.8"/>
    <property name="os.name" value="Linux"/>
    <property name="user.country" value="GB"/>
    <property name="sun.java.launcher" value="SUN_STANDARD"/>
    <property name="sun.boot.library.path" value="/usr/lib/jvm/java-8-openjdk-amd64/jre/lib/amd64"/>
    <property name="sun.java.command" value="/home/lex-man/eclipse-workspace/LexBudget/target/surefire/surefirebooter919694563623933952.jar /home/lex-man/eclipse-workspace/LexBudget/target/surefire 2019-08-20T13-14-18_398-jvmRun1 surefire6356573466607468640tmp surefire_04120234055067220721tmp"/>
    <property name="surefire.test.class.path" value="/home/lex-man/eclipse-workspace/LexBudget/target/test-classes:/home/lex-man/eclipse-workspace/LexBudget/target/classes:/home/lex-man/.m2/repository/org/springframework/spring-webmvc/5.1.8.RELEASE/spring-webmvc-5.1.8.RELEASE.jar:/home/lex-man/.m2/repository/org/springframework/spring-beans/5.1.8.RELEASE/spring-beans-5.1.8.RELEASE.jar:/home/lex-man/.m2/repository/org/springframework/spring-expression/5.1.8.RELEASE/spring-expression-5.1.8.RELEASE.jar:/home/lex-man/.m2/repository/org/springframework/spring-web/5.1.8.RELEASE/spring-web-5.1.8.RELEASE.jar:/home/lex-man/.m2/repository/org/springframework/spring-orm/5.1.8.RELEASE/spring-orm-5.1.8.RELEASE.jar:/home/lex-man/.m2/repository/org/springframework/spring-tx/5.1.8.RELEASE/spring-tx-5.1.8.RELEASE.jar:/home/lex-man/.m2/repository/org/springframework/security/spring-security-config/5.1.5.RELEASE/spring-security-config-5.1.5.RELEASE.jar:/home/lex-man/.m2/repository/org/springframework/security/spring-security-core/5.1.5.RELEASE/spring-security-core-5.1.5.RELEASE.jar:/home/lex-man/.m2/repository/org/springframework/security/spring-security-taglibs/5.1.5.RELEASE/spring-security-taglibs-5.1.5.RELEASE.jar:/home/lex-man/.m2/repository/org/springframework/security/spring-security-acl/5.1.5.RELEASE/spring-security-acl-5.1.5.RELEASE.jar:/home/lex-man/.m2/repository/org/springframework/security/spring-security-web/5.1.5.RELEASE/spring-security-web-5.1.5.RELEASE.jar:/home/lex-man/.m2/repository/org/hibernate/hibernate-core/5.4.3.Final/hibernate-core-5.4.3.Final.jar:/home/lex-man/.m2/repository/org/jboss/logging/jboss-logging/3.3.2.Final/jboss-logging-3.3.2.Final.jar:/home/lex-man/.m2/repository/javax/persistence/javax.persistence-api/2.2/javax.persistence-api-2.2.jar:/home/lex-man/.m2/repository/org/javassist/javassist/3.24.0-GA/javassist-3.24.0-GA.jar:/home/lex-man/.m2/repository/net/bytebuddy/byte-buddy/1.9.10/byte-buddy-1.9.10.jar:/home/lex-man/.m2/repository/antlr/antlr/2.7.7/antlr-2.7.7.jar:/home/lex-man/.m2/repository/org/jboss/spec/javax/transaction/jboss-transaction-api_1.2_spec/1.1.1.Final/jboss-transaction-api_1.2_spec-1.1.1.Final.jar:/home/lex-man/.m2/repository/org/jboss/jandex/2.0.5.Final/jandex-2.0.5.Final.jar:/home/lex-man/.m2/repository/com/fasterxml/classmate/1.3.4/classmate-1.3.4.jar:/home/lex-man/.m2/repository/javax/activation/javax.activation-api/1.2.0/javax.activation-api-1.2.0.jar:/home/lex-man/.m2/repository/org/dom4j/dom4j/2.1.1/dom4j-2.1.1.jar:/home/lex-man/.m2/repository/org/hibernate/common/hibernate-commons-annotations/5.1.0.Final/hibernate-commons-annotations-5.1.0.Final.jar:/home/lex-man/.m2/repository/javax/xml/bind/jaxb-api/2.3.1/jaxb-api-2.3.1.jar:/home/lex-man/.m2/repository/org/glassfish/jaxb/jaxb-runtime/2.3.1/jaxb-runtime-2.3.1.jar:/home/lex-man/.m2/repository/org/glassfish/jaxb/txw2/2.3.1/txw2-2.3.1.jar:/home/lex-man/.m2/repository/com/sun/istack/istack-commons-runtime/3.0.7/istack-commons-runtime-3.0.7.jar:/home/lex-man/.m2/repository/org/jvnet/staxex/stax-ex/1.8/stax-ex-1.8.jar:/home/lex-man/.m2/repository/com/sun/xml/fastinfoset/FastInfoset/1.2.15/FastInfoset-1.2.15.jar:/home/lex-man/.m2/repository/com/fasterxml/jackson/core/jackson-databind/2.9.9/jackson-databind-2.9.9.jar:/home/lex-man/.m2/repository/com/fasterxml/jackson/core/jackson-annotations/2.9.0/jackson-annotations-2.9.0.jar:/home/lex-man/.m2/repository/com/fasterxml/jackson/core/jackson-core/2.9.9/jackson-core-2.9.9.jar:/home/lex-man/.m2/repository/com/fasterxml/jackson/datatype/jackson-datatype-jsr310/2.9.9/jackson-datatype-jsr310-2.9.9.jar:/home/lex-man/.m2/repository/org/hibernate/hibernate-c3p0/5.4.3.Final/hibernate-c3p0-5.4.3.Final.jar:/home/lex-man/.m2/repository/com/mchange/c3p0/0.9.5.4/c3p0-0.9.5.4.jar:/home/lex-man/.m2/repository/com/mchange/mchange-commons-java/0.2.15/mchange-commons-java-0.2.15.jar:/home/lex-man/.m2/repository/org/hibernate/validator/hibernate-validator/6.0.16.Final/hibernate-validator-6.0.16.Final.jar:/home/lex-man/.m2/repository/javax/servlet/jsp/jstl/javax.servlet.jsp.jstl-api/1.2.2/javax.servlet.jsp.jstl-api-1.2.2.jar:/home/lex-man/.m2/repository/taglibs/standard/1.1.2/standard-1.1.2.jar:/home/lex-man/.m2/repository/javax/servlet/javax.servlet-api/4.0.1/javax.servlet-api-4.0.1.jar:/home/lex-man/.m2/repository/javax/servlet/jsp/javax.servlet.jsp-api/2.3.3/javax.servlet.jsp-api-2.3.3.jar:/home/lex-man/.m2/repository/hsqldb/hsqldb/1.8.0.10/hsqldb-1.8.0.10.jar:/home/lex-man/.m2/repository/org/mariadb/jdbc/mariadb-java-client/2.4.2/mariadb-java-client-2.4.2.jar:/home/lex-man/.m2/repository/org/apache/tiles/tiles-extras/3.0.8/tiles-extras-3.0.8.jar:/home/lex-man/.m2/repository/org/apache/tiles/tiles-core/3.0.8/tiles-core-3.0.8.jar:/home/lex-man/.m2/repository/org/apache/tiles/tiles-api/3.0.8/tiles-api-3.0.8.jar:/home/lex-man/.m2/repository/commons-digester/commons-digester/2.0/commons-digester-2.0.jar:/home/lex-man/.m2/repository/commons-beanutils/commons-beanutils/1.8.0/commons-beanutils-1.8.0.jar:/home/lex-man/.m2/repository/org/slf4j/jcl-over-slf4j/1.7.6/jcl-over-slf4j-1.7.6.jar:/home/lex-man/.m2/repository/org/apache/tiles/tiles-request-servlet-wildcard/1.0.7/tiles-request-servlet-wildcard-1.0.7.jar:/home/lex-man/.m2/repository/org/apache/tiles/tiles-request-servlet/1.0.7/tiles-request-servlet-1.0.7.jar:/home/lex-man/.m2/repository/org/apache/tiles/tiles-request-mustache/1.0.7/tiles-request-mustache-1.0.7.jar:/home/lex-man/.m2/repository/org/apache/tiles/tiles-request-api/1.0.7/tiles-request-api-1.0.7.jar:/home/lex-man/.m2/repository/com/github/spullara/mustache/java/compiler/0.8.4/compiler-0.8.4.jar:/home/lex-man/.m2/repository/org/apache/tiles/tiles-jsp/3.0.8/tiles-jsp-3.0.8.jar:/home/lex-man/.m2/repository/org/apache/tiles/tiles-servlet/3.0.8/tiles-servlet-3.0.8.jar:/home/lex-man/.m2/repository/org/apache/tiles/tiles-template/3.0.8/tiles-template-3.0.8.jar:/home/lex-man/.m2/repository/org/apache/tiles/tiles-autotag-core-runtime/1.2/tiles-autotag-core-runtime-1.2.jar:/home/lex-man/.m2/repository/org/apache/tiles/tiles-request-jsp/1.0.7/tiles-request-jsp-1.0.7.jar:/home/lex-man/.m2/repository/org/apache/tiles/tiles-freemarker/3.0.8/tiles-freemarker-3.0.8.jar:/home/lex-man/.m2/repository/org/apache/tiles/tiles-request-freemarker/1.0.7/tiles-request-freemarker-1.0.7.jar:/home/lex-man/.m2/repository/org/freemarker/freemarker/2.3.15/freemarker-2.3.15.jar:/home/lex-man/.m2/repository/org/apache/tiles/tiles-velocity/3.0.8/tiles-velocity-3.0.8.jar:/home/lex-man/.m2/repository/org/apache/velocity/velocity-tools/2.0/velocity-tools-2.0.jar:/home/lex-man/.m2/repository/commons-collections/commons-collections/3.2/commons-collections-3.2.jar:/home/lex-man/.m2/repository/oro/oro/2.0.8/oro-2.0.8.jar:/home/lex-man/.m2/repository/org/apache/velocity/velocity/1.6.2/velocity-1.6.2.jar:/home/lex-man/.m2/repository/commons-lang/commons-lang/2.4/commons-lang-2.4.jar:/home/lex-man/.m2/repository/org/apache/tiles/tiles-request-velocity/1.0.7/tiles-request-velocity-1.0.7.jar:/home/lex-man/.m2/repository/org/apache/tiles/tiles-el/3.0.8/tiles-el-3.0.8.jar:/home/lex-man/.m2/repository/org/apache/tiles/tiles-mvel/3.0.8/tiles-mvel-3.0.8.jar:/home/lex-man/.m2/repository/org/mvel/mvel2/2.0.11/mvel2-2.0.11.jar:/home/lex-man/.m2/repository/org/apache/tiles/tiles-ognl/3.0.8/tiles-ognl-3.0.8.jar:/home/lex-man/.m2/repository/ognl/ognl/2.7.3/ognl-2.7.3.jar:/home/lex-man/.m2/repository/jboss/javassist/3.7.ga/javassist-3.7.ga.jar:/home/lex-man/.m2/repository/org/apache/tiles/tiles-compat/3.0.8/tiles-compat-3.0.8.jar:/home/lex-man/.m2/repository/com/google/guava/guava/12.0.1/guava-12.0.1.jar:/home/lex-man/.m2/repository/com/google/code/findbugs/jsr305/1.3.9/jsr305-1.3.9.jar:/home/lex-man/.m2/repository/org/springframework/spring-aop/5.1.8.RELEASE/spring-aop-5.1.8.RELEASE.jar:/home/lex-man/.m2/repository/org/springframework/spring-core/5.1.8.RELEASE/spring-core-5.1.8.RELEASE.jar:/home/lex-man/.m2/repository/org/springframework/spring-jcl/5.1.8.RELEASE/spring-jcl-5.1.8.RELEASE.jar:/home/lex-man/.m2/repository/org/springframework/spring-context/5.1.8.RELEASE/spring-context-5.1.8.RELEASE.jar:/home/lex-man/.m2/repository/org/aspectj/aspectjrt/1.9.4/aspectjrt-1.9.4.jar:/home/lex-man/.m2/repository/org/aspectj/aspectjweaver/1.9.4/aspectjweaver-1.9.4.jar:/home/lex-man/.m2/repository/javax/validation/validation-api/2.0.1.Final/validation-api-2.0.1.Final.jar:/home/lex-man/.m2/repository/javax/inject/javax.inject/1/javax.inject-1.jar:/home/lex-man/.m2/repository/javax/servlet/jstl/1.2/jstl-1.2.jar:/home/lex-man/.m2/repository/org/springframework/spring-jdbc/5.1.8.RELEASE/spring-jdbc-5.1.8.RELEASE.jar:/home/lex-man/.m2/repository/org/slf4j/slf4j-api/1.7.26/slf4j-api-1.7.26.jar:/home/lex-man/.m2/repository/org/modelmapper/modelmapper/2.3.5/modelmapper-2.3.5.jar:/home/lex-man/.m2/repository/org/junit/jupiter/junit-jupiter-engine/5.5.1/junit-jupiter-engine-5.5.1.jar:/home/lex-man/.m2/repository/org/apiguardian/apiguardian-api/1.1.0/apiguardian-api-1.1.0.jar:/home/lex-man/.m2/repository/org/junit/platform/junit-platform-engine/1.5.1/junit-platform-engine-1.5.1.jar:/home/lex-man/.m2/repository/org/junit/jupiter/junit-jupiter-api/5.5.1/junit-jupiter-api-5.5.1.jar:/home/lex-man/.m2/repository/org/opentest4j/opentest4j/1.2.0/opentest4j-1.2.0.jar:/home/lex-man/.m2/repository/org/junit/platform/junit-platform-commons/1.5.1/junit-platform-commons-1.5.1.jar:/home/lex-man/.m2/repository/org/junit/platform/junit-platform-runner/1.5.1/junit-platform-runner-1.5.1.jar:/home/lex-man/.m2/repository/junit/junit/4.12/junit-4.12.jar:/home/lex-man/.m2/repository/org/hamcrest/hamcrest-core/1.3/hamcrest-core-1.3.jar:/home/lex-man/.m2/repository/org/junit/platform/junit-platform-launcher/1.5.1/junit-platform-launcher-1.5.1.jar:/home/lex-man/.m2/repository/org/junit/platform/junit-platform-suite-api/1.5.1/junit-platform-suite-api-1.5.1.jar:/home/lex-man/.m2/repository/org/mockito/mockito-junit-jupiter/3.0.0/mockito-junit-jupiter-3.0.0.jar:/home/lex-man/.m2/repository/org/mockito/mockito-core/3.0.0/mockito-core-3.0.0.jar:/home/lex-man/.m2/repository/net/bytebuddy/byte-buddy-agent/1.9.10/byte-buddy-agent-1.9.10.jar:/home/lex-man/.m2/repository/org/objenesis/objenesis/2.6/objenesis-2.6.jar:"/>
    <property name="sun.cpu.endian" value="little"/>
    <property name="user.home" value="/home/lex-man"/>
    <property name="user.language" value="en"/>
    <property name="java.specification.vendor" value="Oracle Corporation"/>
    <property name="java.home" value="/usr/lib/jvm/java-8-openjdk-amd64/jre"/>
    <property name="basedir" value="/home/lex-man/eclipse-workspace/LexBudget"/>
    <property name="file.separator" value="/"/>
    <property name="line.separator" value="&#10;"/>
    <property name="java.vm.specification.vendor" value="Oracle Corporation"/>
    <property name="java.specification.name" value="Java Platform API Specification"/>
    <property name="java.awt.graphicsenv" value="sun.awt.X11GraphicsEnvironment"/>
    <property name="surefire.real.class.path" value="/home/lex-man/eclipse-workspace/LexBudget/target/surefire/surefirebooter919694563623933952.jar"/>
    <property name="sun.boot.class.path" value="/usr/lib/jvm/java-8-openjdk-amd64/jre/lib/resources.jar:/usr/lib/jvm/java-8-openjdk-amd64/jre/lib/rt.jar:/usr/lib/jvm/java-8-openjdk-amd64/jre/lib/sunrsasign.jar:/usr/lib/jvm/java-8-openjdk-amd64/jre/lib/jsse.jar:/usr/lib/jvm/java-8-openjdk-amd64/jre/lib/jce.jar:/usr/lib/jvm/java-8-openjdk-amd64/jre/lib/charsets.jar:/usr/lib/jvm/java-8-openjdk-amd64/jre/lib/jfr.jar:/usr/lib/jvm/java-8-openjdk-amd64/jre/classes"/>
    <property name="sun.management.compiler" value="HotSpot 64-Bit Tiered Compilers"/>
    <property name="java.runtime.version" value="1.8.0_222-8u222-b10-1ubuntu1~19.04.1-b10"/>
    <property name="user.name" value="lex-man"/>
    <property name="path.separator" value=":"/>
    <property name="os.version" value="5.0.0-25-generic"/>
    <property name="java.endorsed.dirs" value="/usr/lib/jvm/java-8-openjdk-amd64/jre/lib/endorsed"/>
    <property name="java.runtime.name" value="OpenJDK Runtime Environment"/>
    <property name="file.encoding" value="UTF-8"/>
    <property name="java.vm.name" value="OpenJDK 64-Bit Server VM"/>
    <property name="localRepository" value="/home/lex-man/.m2/repository"/>
    <property name="java.vendor.url.bug" value="http://bugreport.sun.com/bugreport/"/>
    <property name="java.io.tmpdir" value="/tmp"/>
    <property name="java.version" value="1.8.0_222"/>
    <property name="user.dir" value="/home/lex-man/eclipse-workspace/LexBudget"/>
    <property name="os.arch" value="amd64"/>
    <property name="java.vm.specification.name" value="Java Virtual Machine Specification"/>
    <property name="java.awt.printerjob" value="sun.print.PSPrinterJob"/>
    <property name="sun.os.patch.level" value="unknown"/>
    <property name="java.library.path" value="/usr/java/packages/lib/amd64:/usr/lib/x86_64-linux-gnu/jni:/lib/x86_64-linux-gnu:/usr/lib/x86_64-linux-gnu:/usr/lib/jni:/lib:/usr/lib"/>
    <property name="java.vm.info" value="mixed mode"/>
    <property name="java.vendor" value="Private Build"/>
    <property name="java.vm.version" value="25.222-b10"/>
    <property name="java.ext.dirs" value="/usr/lib/jvm/java-8-openjdk-amd64/jre/lib/ext:/usr/java/packages/lib/ext"/>
    <property name="sun.io.unicode.encoding" value="UnicodeLittle"/>
    <property name="java.class.version" value="52.0"/>
  </properties>
  <testcase name="nameMismatch" classname="org.lexusmanson.lexbudget.dao.test.AccountsDAOImplTest" time="0.183"/>
  <testcase name="updateUserTest" classname="org.lexusmanson.lexbudget.dao.test.AccountsDAOImplTest" time="0"/>
  <testcase name="newUserTest" classname="org.lexusmanson.lexbudget.dao.test.AccountsDAOImplTest" time="0.002"/>
</testsuite>